# JRE version: Java(TM) SE Runtime Environment (21.0.1+12) (build 21.0.1+12-LTS-29)
# Java VM: Java HotSpot(TM) 64-Bit Server VM (21.0.1+12-LTS-29, mixed mode, sharing, tiered, compressed oops, compressed class ptrs, g1 gc, windows-amd64)
GC Precious Log:
 CardTable entry size: 512
 Card Set container configuration: InlinePtr #cards 5 size 8 Array Of Cards #cards 12 size 40 Howl #buckets 4 coarsen threshold 1843 Howl Bitmap #cards 512 size 80 coarsen threshold 460 Card regions per heap region 1 cards per card region 2048
 CPUs: 4 total, 4 available
 Memory: 7975M
 Large Page Support: Disabled
 NUMA Support: Disabled
 Compressed Oops: Enabled (32-bit)
 Heap Region Size: 1M
 Heap Min Capacity: 8M
 Heap Initial Capacity: 126M
 Heap Max Capacity: 1994M
 Pre-touch: Disabled
 Parallel Workers: 4
 Concurrent Workers: 1
 Concurrent Refinement Workers: 4
 Periodic GC: Disabled
Heap:
 garbage-first heap   total 48128K, used 29557K [0x0000000083600000, 0x0000000100000000)
  region size 1024K, 3 young (3072K), 2 survivors (2048K)
 Metaspace       used 67129K, committed 67840K, reserved 1114112K
  class space    used 8974K, committed 9280K, reserved 1048576K
GC Heap History (20 events):
Event: 5.130 GC heap before
{Heap before GC invocations=7 (full 0):
 garbage-first heap   total 48128K, used 38129K [0x0000000083600000, 0x0000000100000000)
  region size 1024K, 22 young (22528K), 2 survivors (2048K)
 Metaspace       used 34505K, committed 35008K, reserved 1114112K
  class space    used 4503K, committed 4736K, reserved 1048576K
}
Event: 5.133 GC heap after
{Heap after GC invocations=8 (full 0):
 garbage-first heap   total 48128K, used 18822K [0x0000000083600000, 0x0000000100000000)
  region size 1024K, 2 young (2048K), 2 survivors (2048K)
 Metaspace       used 34505K, committed 35008K, reserved 1114112K
  class space    used 4503K, committed 4736K, reserved 1048576K
}
Event: 5.293 GC heap before
{Heap before GC invocations=8 (full 0):
 garbage-first heap   total 48128K, used 22918K [0x0000000083600000, 0x0000000100000000)
  region size 1024K, 7 young (7168K), 2 survivors (2048K)
 Metaspace       used 35421K, committed 35968K, reserved 1114112K
  class space    used 4674K, committed 4928K, reserved 1048576K
}
Event: 5.294 GC heap after
{Heap after GC invocations=9 (full 0):
 garbage-first heap   total 48128K, used 19049K [0x0000000083600000, 0x0000000100000000)
  region size 1024K, 2 young (2048K), 2 survivors (2048K)
 Metaspace       used 35421K, committed 35968K, reserved 1114112K
  class space    used 4674K, committed 4928K, reserved 1048576K
}
Event: 6.531 GC heap before
{Heap before GC invocations=10 (full 0):
 garbage-first heap   total 48128K, used 40553K [0x0000000083600000, 0x0000000100000000)
  region size 1024K, 23 young (23552K), 2 survivors (2048K)
 Metaspace       used 45342K, committed 45824K, reserved 1114112K
  class space    used 5895K, committed 6080K, reserved 1048576K
}
Event: 6.535 GC heap after
{Heap after GC invocations=11 (full 0):
 garbage-first heap   total 48128K, used 21242K [0x0000000083600000, 0x0000000100000000)
  region size 1024K, 3 young (3072K), 3 survivors (3072K)
 Metaspace       used 45342K, committed 45824K, reserved 1114112K
  class space    used 5895K, committed 6080K, reserved 1048576K
}
Event: 6.959 GC heap before
{Heap before GC invocations=11 (full 0):
 garbage-first heap   total 48128K, used 41722K [0x0000000083600000, 0x0000000100000000)
  region size 1024K, 23 young (23552K), 3 survivors (3072K)
 Metaspace       used 50895K, committed 51392K, reserved 1114112K
  class space    used 6660K, committed 6912K, reserved 1048576K
}
Event: 6.963 GC heap after
{Heap after GC invocations=12 (full 0):
 garbage-first heap   total 48128K, used 22617K [0x0000000083600000, 0x0000000100000000)
  region size 1024K, 2 young (2048K), 2 survivors (2048K)
 Metaspace       used 50895K, committed 51392K, reserved 1114112K
  class space    used 6660K, committed 6912K, reserved 1048576K
}
Event: 7.375 GC heap before
{Heap before GC invocations=12 (full 0):
 garbage-first heap   total 48128K, used 40025K [0x0000000083600000, 0x0000000100000000)
  region size 1024K, 20 young (20480K), 2 survivors (2048K)
 Metaspace       used 55170K, committed 55808K, reserved 1114112K
  class space    used 7334K, committed 7616K, reserved 1048576K
}
Event: 7.377 GC heap after
{Heap after GC invocations=13 (full 0):
 garbage-first heap   total 48128K, used 23162K [0x0000000083600000, 0x0000000100000000)
  region size 1024K, 3 young (3072K), 3 survivors (3072K)
 Metaspace       used 55170K, committed 55808K, reserved 1114112K
  class space    used 7334K, committed 7616K, reserved 1048576K
}
Event: 7.882 GC heap before
{Heap before GC invocations=13 (full 0):
 garbage-first heap   total 48128K, used 39546K [0x0000000083600000, 0x0000000100000000)
  region size 1024K, 20 young (20480K), 3 survivors (3072K)
 Metaspace       used 59614K, committed 60160K, reserved 1114112K
  class space    used 7863K, committed 8128K, reserved 1048576K
}
Event: 7.886 GC heap after
{Heap after GC invocations=14 (full 0):
 garbage-first heap   total 48128K, used 24915K [0x0000000083600000, 0x0000000100000000)
  region size 1024K, 3 young (3072K), 3 survivors (3072K)
 Metaspace       used 59614K, committed 60160K, reserved 1114112K
  class space    used 7863K, committed 8128K, reserved 1048576K
}
Event: 7.930 GC heap before
{Heap before GC invocations=14 (full 0):
 garbage-first heap   total 48128K, used 24915K [0x0000000083600000, 0x0000000100000000)
  region size 1024K, 4 young (4096K), 3 survivors (3072K)
 Metaspace       used 59724K, committed 60288K, reserved 1114112K
  class space    used 7882K, committed 8128K, reserved 1048576K
}
Event: 7.934 GC heap after
{Heap after GC invocations=15 (full 0):
 garbage-first heap   total 48128K, used 24997K [0x0000000083600000, 0x0000000100000000)
  region size 1024K, 1 young (1024K), 1 survivors (1024K)
 Metaspace       used 59724K, committed 60288K, reserved 1114112K
  class space    used 7882K, committed 8128K, reserved 1048576K
}
Event: 9.275 GC heap before
{Heap before GC invocations=16 (full 0):
 garbage-first heap   total 48128K, used 42405K [0x0000000083600000, 0x0000000100000000)
  region size 1024K, 18 young (18432K), 1 survivors (1024K)
 Metaspace       used 62121K, committed 62720K, reserved 1114112K
  class space    used 8309K, committed 8576K, reserved 1048576K
}
Event: 9.277 GC heap after
{Heap after GC invocations=17 (full 0):
 garbage-first heap   total 48128K, used 26947K [0x0000000083600000, 0x0000000100000000)
  region size 1024K, 3 young (3072K), 3 survivors (3072K)
 Metaspace       used 62121K, committed 62720K, reserved 1114112K
  class space    used 8309K, committed 8576K, reserved 1048576K
}
Event: 9.839 GC heap before
{Heap before GC invocations=17 (full 0):
 garbage-first heap   total 48128K, used 40259K [0x0000000083600000, 0x0000000100000000)
  region size 1024K, 16 young (16384K), 3 survivors (3072K)
 Metaspace       used 63853K, committed 64512K, reserved 1114112K
  class space    used 8538K, committed 8832K, reserved 1048576K
}
Event: 9.844 GC heap after
{Heap after GC invocations=18 (full 0):
 garbage-first heap   total 48128K, used 28189K [0x0000000083600000, 0x0000000100000000)
  region size 1024K, 2 young (2048K), 2 survivors (2048K)
 Metaspace       used 63853K, committed 64512K, reserved 1114112K
  class space    used 8538K, committed 8832K, reserved 1048576K
}
Event: 20.867 GC heap before
{Heap before GC invocations=18 (full 0):
 garbage-first heap   total 48128K, used 41501K [0x0000000083600000, 0x0000000100000000)
  region size 1024K, 16 young (16384K), 2 survivors (2048K)
 Metaspace       used 67010K, committed 67712K, reserved 1114112K
  class space    used 8955K, committed 9280K, reserved 1048576K
}
Event: 20.871 GC heap after
{Heap after GC invocations=19 (full 0):
 garbage-first heap   total 48128K, used 29557K [0x0000000083600000, 0x0000000100000000)
  region size 1024K, 2 young (2048K), 2 survivors (2048K)
 Metaspace       used 67010K, committed 67712K, reserved 1114112K
  class space    used 8955K, committed 9280K, reserved 1048576K
}

